<?xml version="1.0" encoding="UTF-8"?>
<!-- Generated by org.testng.reporters.JUnitReportReporter -->
<testsuite hostname="DESKTOP-0A7DVIM" failures="0" tests="1" name="com.simplilearn.testcases.Testcases$homepage" time="3.409" errors="0" timestamp="2023-09-10T13:45:45 IST" skipped="0">
  <testcase classname="com.simplilearn.testcases.Testcases$homepage" name="flightsearch" time="3.409"/>
</testsuite> <!-- com.simplilearn.testcases.Testcases$homepage -->
