<?xml version="1.0" encoding="UTF-8"?>
<!-- Generated by org.testng.reporters.JUnitReportReporter -->
<testsuite hostname="DESKTOP-0A7DVIM" failures="0" tests="2" name="com.simplilearn.RestAssured.ApiTesting" time="0.710" errors="0" timestamp="2023-09-10T13:45:46 IST" skipped="0">
  <testcase classname="com.simplilearn.RestAssured.ApiTesting" name="checkflights" time="0.698"/>
  <testcase classname="com.simplilearn.RestAssured.ApiTesting" name="confirmbooking" time="0.012"/>
</testsuite> <!-- com.simplilearn.RestAssured.ApiTesting -->
