<?xml version="1.0" encoding="UTF-8"?>
<!-- Generated by org.testng.reporters.JUnitReportReporter -->
<testsuite hostname="DESKTOP-0A7DVIM" failures="0" tests="1" name="com.simplilearn.TestingAirlinesTravelApplication.Bookings" time="5.844" errors="0" timestamp="2023-09-09T18:28:14 IST" skipped="0">
  <testcase classname="com.simplilearn.TestingAirlinesTravelApplication.Bookings" name="flights" time="5.844"/>
</testsuite> <!-- com.simplilearn.TestingAirlinesTravelApplication.Bookings -->
