<?xml version="1.0" encoding="UTF-8"?>
<!-- Generated by org.testng.reporters.JUnitReportReporter -->
<testsuite hostname="DESKTOP-0A7DVIM" failures="0" tests="3" name="com.simplilearn.testcases.Validating_Singup_page" time="1.578" errors="0" timestamp="2023-09-10T13:45:46 IST" skipped="0">
  <testcase classname="com.simplilearn.testcases.Validating_Singup_page" name="validating_Name" time="0.597"/>
  <testcase classname="com.simplilearn.testcases.Validating_Singup_page" name="validating_pwd" time="0.482"/>
  <testcase classname="com.simplilearn.testcases.Validating_Singup_page" name="validating_email" time="0.499"/>
</testsuite> <!-- com.simplilearn.testcases.Validating_Singup_page -->
