<?xml version="1.0" encoding="UTF-8"?>
<!-- Generated by org.testng.reporters.JUnitReportReporter -->
<testsuite hostname="DESKTOP-0A7DVIM" failures="0" tests="1" name="com.simplilearn.TestingAirlinesTravelApplication.Homepage" time="3.969" errors="0" timestamp="2023-09-07T00:47:57 IST" skipped="0">
  <testcase classname="com.simplilearn.TestingAirlinesTravelApplication.Homepage" name="homepage" time="3.969"/>
</testsuite> <!-- com.simplilearn.TestingAirlinesTravelApplication.Homepage -->
